<?xml version="1.0" encoding="UTF-8"?>
<coverage generated="1643034530824" clover="3.2.0">
  <project timestamp="1643034530824" name="All files">
    <metrics statements="33" coveredstatements="28" conditionals="3" coveredconditionals="3" methods="14" coveredmethods="9" elements="50" coveredelements="40" complexity="0" loc="33" ncloc="33" packages="1" files="2" classes="2"/>
    <file name="Service.ts" path="/Users/Jakub/ardentcode/intern/kanban/client/src/Service/Service.ts">
      <metrics statements="19" coveredstatements="18" conditionals="3" coveredconditionals="3" methods="8" coveredmethods="7"/>
      <line num="1" count="1" type="stmt"/>
      <line num="2" count="1" type="stmt"/>
      <line num="3" count="0" type="stmt"/>
      <line num="6" count="1" type="stmt"/>
      <line num="7" count="1" type="cond" truecount="1" falsecount="0"/>
      <line num="14" count="1" type="stmt"/>
      <line num="15" count="1" type="stmt"/>
      <line num="17" count="1" type="stmt"/>
      <line num="18" count="2" type="cond" truecount="1" falsecount="0"/>
      <line num="22" count="1" type="stmt"/>
      <line num="23" count="1" type="stmt"/>
      <line num="28" count="2" type="stmt"/>
      <line num="37" count="1" type="stmt"/>
      <line num="39" count="1" type="cond" truecount="1" falsecount="0"/>
      <line num="40" count="1" type="stmt"/>
      <line num="42" count="1" type="stmt"/>
      <line num="44" count="1" type="stmt"/>
      <line num="50" count="1" type="stmt"/>
      <line num="52" count="1" type="stmt"/>
    </file>
    <file name="TaskService.ts" path="/Users/Jakub/ardentcode/intern/kanban/client/src/Service/TaskService.ts">
      <metrics statements="14" coveredstatements="10" conditionals="0" coveredconditionals="0" methods="6" coveredmethods="2"/>
      <line num="1" count="1" type="stmt"/>
      <line num="4" count="1" type="stmt"/>
      <line num="5" count="1" type="stmt"/>
      <line num="6" count="4" type="stmt"/>
      <line num="8" count="1" type="stmt"/>
      <line num="9" count="0" type="stmt"/>
      <line num="11" count="1" type="stmt"/>
      <line num="12" count="0" type="stmt"/>
      <line num="14" count="1" type="stmt"/>
      <line num="15" count="0" type="stmt"/>
      <line num="17" count="1" type="stmt"/>
      <line num="18" count="0" type="stmt"/>
      <line num="20" count="1" type="stmt"/>
      <line num="22" count="1" type="stmt"/>
    </file>
  </project>
</coverage>
