{"/Users/Jakub/ardentcode/intern/kanban/client/src/Service/Service.ts": {"path":"/Users/Jakub/ardentcode/intern/kanban/client/src/Service/Service.ts","statementMap":{"0":{"start":{"line":1,"column":0},"end":{"line":1,"column":null}},"1":{"start":{"line":2,"column":4},"end":{"line":4,"column":null}},"2":{"start":{"line":3,"column":8},"end":{"line":3,"column":18}},"3":{"start":{"line":6,"column":17},"end":{"line":16,"column":null}},"4":{"start":{"line":7,"column":25},"end":{"line":13,"column":null}},"5":{"start":{"line":7,"column":14},"end":{"line":13,"column":null}},"6":{"start":{"line":14,"column":21},"end":{"line":14,"column":null}},"7":{"start":{"line":14,"column":14},"end":{"line":14,"column":null}},"8":{"start":{"line":15,"column":8},"end":{"line":15,"column":24}},"9":{"start":{"line":17,"column":17},"end":{"line":21,"column":null}},"10":{"start":{"line":18,"column":8},"end":{"line":20,"column":11}},"11":{"start":{"line":22,"column":17},"end":{"line":35,"column":null}},"12":{"start":{"line":23,"column":14},"end":{"line":27,"column":10}},"13":{"start":{"line":28,"column":8},"end":{"line":34,"column":11}},"14":{"start":{"line":37,"column":17},"end":{"line":49,"column":null}},"15":{"start":{"line":39,"column":21},"end":{"line":43,"column":null}},"16":{"start":{"line":40,"column":32},"end":{"line":40,"column":48}},"17":{"start":{"line":42,"column":16},"end":{"line":42,"column":28}},"18":{"start":{"line":39,"column":14},"end":{"line":43,"column":null}},"19":{"start":{"line":44,"column":8},"end":{"line":44,"column":20}},"20":{"start":{"line":50,"column":0},"end":{"line":50,"column":null}},"21":{"start":{"line":52,"column":9},"end":{"line":52,"column":16}}},"fnMap":{"0":{"name":"(anonymous_13)","decl":{"start":{"line":1,"column":0},"end":{"line":1,"column":null}},"loc":{"start":{"line":1,"column":0},"end":{"line":50,"column":null}}},"1":{"name":"(anonymous_15)","decl":{"start":{"line":2,"column":4},"end":{"line":2,"column":15}},"loc":{"start":{"line":2,"column":4},"end":{"line":4,"column":5}}},"2":{"name":"(anonymous_16)","decl":{"start":{"line":6,"column":4},"end":{"line":6,"column":17}},"loc":{"start":{"line":6,"column":34},"end":{"line":16,"column":null}}},"3":{"name":"(anonymous_19)","decl":{"start":{"line":17,"column":4},"end":{"line":17,"column":17}},"loc":{"start":{"line":17,"column":42},"end":{"line":21,"column":null}}},"4":{"name":"(anonymous_22)","decl":{"start":{"line":22,"column":4},"end":{"line":22,"column":17}},"loc":{"start":{"line":22,"column":37},"end":{"line":35,"column":null}}},"5":{"name":"(anonymous_25)","decl":{"start":{"line":37,"column":4},"end":{"line":37,"column":17}},"loc":{"start":{"line":37,"column":4},"end":{"line":49,"column":null}}},"6":{"name":"(anonymous_28)","decl":{"start":{"line":40,"column":18},"end":{"line":40,"column":19}},"loc":{"start":{"line":40,"column":27},"end":{"line":40,"column":40}}},"7":{"name":"(anonymous_29)","decl":{"start":{"line":41,"column":18},"end":{"line":41,"column":19}},"loc":{"start":{"line":41,"column":23},"end":{"line":43,"column":13}}}},"branchMap":{"0":{"loc":{"start":{"line":7,"column":25},"end":{"line":13,"column":null}},"type":"switch","locations":[{"start":{"line":7,"column":25},"end":{"line":13,"column":null}}]},"1":{"loc":{"start":{"line":18,"column":8},"end":{"line":20,"column":11}},"type":"switch","locations":[{"start":{"line":18,"column":8},"end":{"line":20,"column":11}}]},"2":{"loc":{"start":{"line":39,"column":21},"end":{"line":43,"column":null}},"type":"switch","locations":[{"start":{"line":39,"column":21},"end":{"line":43,"column":null}}]}},"s":{"0":1,"1":1,"2":0,"3":1,"4":1,"5":1,"6":1,"7":1,"8":1,"9":1,"10":2,"11":1,"12":1,"13":2,"14":1,"15":1,"16":1,"17":1,"18":1,"19":1,"20":1,"21":1},"f":{"0":1,"1":0,"2":1,"3":1,"4":1,"5":1,"6":1,"7":1},"b":{"0":[1],"1":[1],"2":[1]}}
,"/Users/Jakub/ardentcode/intern/kanban/client/src/Service/TaskService.ts": {"path":"/Users/Jakub/ardentcode/intern/kanban/client/src/Service/TaskService.ts","statementMap":{"0":{"start":{"line":1,"column":0},"end":{"line":1,"column":36}},"1":{"start":{"line":4,"column":0},"end":{"line":4,"column":null}},"2":{"start":{"line":4,"column":26},"end":{"line":4,"column":33}},"3":{"start":{"line":5,"column":4},"end":{"line":7,"column":null}},"4":{"start":{"line":6,"column":8},"end":{"line":6,"column":46}},"5":{"start":{"line":8,"column":17},"end":{"line":10,"column":null}},"6":{"start":{"line":9,"column":8},"end":{"line":9,"column":51}},"7":{"start":{"line":11,"column":17},"end":{"line":13,"column":null}},"8":{"start":{"line":12,"column":8},"end":{"line":12,"column":52}},"9":{"start":{"line":14,"column":17},"end":{"line":16,"column":null}},"10":{"start":{"line":15,"column":8},"end":{"line":15,"column":52}},"11":{"start":{"line":17,"column":17},"end":{"line":19,"column":null}},"12":{"start":{"line":18,"column":8},"end":{"line":18,"column":33}},"13":{"start":{"line":20,"column":0},"end":{"line":20,"column":null}},"14":{"start":{"line":22,"column":9},"end":{"line":22,"column":20}}},"fnMap":{"0":{"name":"(anonymous_19)","decl":{"start":{"line":4,"column":0},"end":{"line":4,"column":26}},"loc":{"start":{"line":4,"column":0},"end":{"line":20,"column":null}}},"1":{"name":"(anonymous_21)","decl":{"start":{"line":5,"column":4},"end":{"line":5,"column":15}},"loc":{"start":{"line":5,"column":4},"end":{"line":7,"column":5}}},"2":{"name":"(anonymous_22)","decl":{"start":{"line":8,"column":4},"end":{"line":8,"column":17}},"loc":{"start":{"line":8,"column":44},"end":{"line":10,"column":null}}},"3":{"name":"(anonymous_25)","decl":{"start":{"line":11,"column":4},"end":{"line":11,"column":17}},"loc":{"start":{"line":11,"column":42},"end":{"line":13,"column":null}}},"4":{"name":"(anonymous_28)","decl":{"start":{"line":14,"column":4},"end":{"line":14,"column":17}},"loc":{"start":{"line":14,"column":42},"end":{"line":16,"column":null}}},"5":{"name":"(anonymous_31)","decl":{"start":{"line":17,"column":4},"end":{"line":17,"column":17}},"loc":{"start":{"line":17,"column":4},"end":{"line":19,"column":null}}}},"branchMap":{},"s":{"0":1,"1":1,"2":1,"3":1,"4":4,"5":1,"6":0,"7":1,"8":0,"9":1,"10":0,"11":1,"12":0,"13":1,"14":1},"f":{"0":1,"1":4,"2":0,"3":0,"4":0,"5":0},"b":{}}
}
