TN:
SF:src/Service/Service.ts
FN:1,(anonymous_13)
FN:2,(anonymous_15)
FN:6,(anonymous_16)
FN:17,(anonymous_19)
FN:22,(anonymous_22)
FN:37,(anonymous_25)
FN:40,(anonymous_28)
FN:41,(anonymous_29)
FNF:8
FNH:7
FNDA:1,(anonymous_13)
FNDA:0,(anonymous_15)
FNDA:1,(anonymous_16)
FNDA:1,(anonymous_19)
FNDA:1,(anonymous_22)
FNDA:1,(anonymous_25)
FNDA:1,(anonymous_28)
FNDA:1,(anonymous_29)
DA:1,1
DA:2,1
DA:3,0
DA:6,1
DA:7,1
DA:14,1
DA:15,1
DA:17,1
DA:18,2
DA:22,1
DA:23,1
DA:28,2
DA:37,1
DA:39,1
DA:40,1
DA:42,1
DA:44,1
DA:50,1
DA:52,1
LF:19
LH:18
BRDA:7,0,0,1
BRDA:18,1,0,1
BRDA:39,2,0,1
BRF:3
BRH:3
end_of_record
TN:
SF:src/Service/TaskService.ts
FN:4,(anonymous_19)
FN:5,(anonymous_21)
FN:8,(anonymous_22)
FN:11,(anonymous_25)
FN:14,(anonymous_28)
FN:17,(anonymous_31)
FNF:6
FNH:2
FNDA:1,(anonymous_19)
FNDA:4,(anonymous_21)
FNDA:0,(anonymous_22)
FNDA:0,(anonymous_25)
FNDA:0,(anonymous_28)
FNDA:0,(anonymous_31)
DA:1,1
DA:4,1
DA:5,1
DA:6,4
DA:8,1
DA:9,0
DA:11,1
DA:12,0
DA:14,1
DA:15,0
DA:17,1
DA:18,0
DA:20,1
DA:22,1
LF:14
LH:10
BRF:0
BRH:0
end_of_record
